<?xml version="1.0" encoding="UTF-8"?>
<!-- Generated by org.testng.reporters.JUnitReportReporter -->
<testsuite hostname="DESKTOP-7JFCFTT" name="CucumberTest.TestRunner_Web" tests="1" failures="0" timestamp="6 Jul 2021 12:25:57 GMT" time="265.745" errors="0">
  <testcase name="runCukes" time="265.745" classname="CucumberTest.TestRunner_Web"/>
</testsuite> <!-- CucumberTest.TestRunner_Web -->
