<?xml version="1.0" encoding="UTF-8"?>
<!-- Generated by org.testng.reporters.JUnitReportReporter -->
<testsuite hostname="DESKTOP-CM3075P" name="CucumberTest.TestRunner_Web" tests="1" failures="0" timestamp="20 Apr 2021 07:03:18 GMT" time="0.405" errors="0">
  <testcase name="runCukes" time="0.405" classname="CucumberTest.TestRunner_Web"/>
</testsuite> <!-- CucumberTest.TestRunner_Web -->
